android/app/build/outputs/logs/manifest-merger-debug-report.txt
-- Merging decision tree log ---
manifest
ADDED from src/main/AndroidManifest.xml:1:1-34:12
	package
		ADDED from src/main/AndroidManifest.xml:2:5-32
		INJECTED from src/main/AndroidManifest.xml
		INJECTED from src/main/AndroidManifest.xml
	android:versionName
		ADDED from src/main/AndroidManifest.xml:4:5-30
		INJECTED from src/main/AndroidManifest.xml
		INJECTED from src/main/AndroidManifest.xml
	android:versionCode
		ADDED from src/main/AndroidManifest.xml:3:5-28
		INJECTED from src/main/AndroidManifest.xml
		INJECTED from src/main/AndroidManifest.xml
	xmlns:android
		ADDED from src/main/AndroidManifest.xml:1:11-69
uses-permission#android.permission.INTERNET
ADDED from src/main/AndroidManifest.xml:6:5-67
MERGED from [com.onesignal:OneSignal:3.7.1] AndroidManifest.xml:17:5-67
MERGED from [com.google.android.gms:play-services-gcm:11.0.4] AndroidManifest.xml:21:5-66
MERGED from [com.google.android.gms:play-services-iid:11.0.4] AndroidManifest.xml:21:5-66
MERGED from [com.google.android.gms:play-services-analytics:11.0.4] AndroidManifest.xml:20:5-66
MERGED from [com.google.android.gms:play-services-analytics-impl:11.0.4] AndroidManifest.xml:20:5-66
	android:name
		ADDED from src/main/AndroidManifest.xml:6:22-64
uses-permission#android.permission.SYSTEM_ALERT_WINDOW
ADDED from src/main/AndroidManifest.xml:7:5-77
MERGED from [com.facebook.react:react-native:0.50.3] AndroidManifest.xml:11:5-78
	android:name
		ADDED from src/main/AndroidManifest.xml:7:22-75
uses-permission#android.permission.ACCESS_COARSE_LOCATION
ADDED from src/main/AndroidManifest.xml:8:5-80
	android:name
		ADDED from src/main/AndroidManifest.xml:8:22-78
uses-sdk
ADDED from src/main/AndroidManifest.xml:10:5-12:41
MERGED from [arnold_app_v2:react-native-onesignal:unspecified] AndroidManifest.xml:7:5-9:41
MERGED from [com.onesignal:OneSignal:3.7.1] AndroidManifest.xml:5:5-44
MERGED from [com.google.android.gms:play-services-gcm:11.0.4] AndroidManifest.xml:17:5-43
MERGED from [com.google.android.gms:play-services-iid:11.0.4] AndroidManifest.xml:17:5-43
MERGED from [com.google.android.gms:play-services-analytics:11.0.4] AndroidManifest.xml:17:5-43
MERGED from [com.google.android.gms:play-services-tagmanager-v4-impl:11.0.4] AndroidManifest.xml:17:5-43
MERGED from [com.google.android.gms:play-services-analytics-impl:11.0.4] AndroidManifest.xml:17:5-43
MERGED from [com.google.android.gms:play-services-location:11.0.4] AndroidManifest.xml:3:5-43
MERGED from [com.google.android.gms:play-services-base:11.0.4] AndroidManifest.xml:17:5-43
MERGED from [com.google.android.gms:play-services-tasks:11.0.4] AndroidManifest.xml:3:5-43
MERGED from [com.google.android.gms:play-services-basement:11.0.4] AndroidManifest.xml:17:5-43
MERGED from [com.facebook.react:react-native:0.50.3] AndroidManifest.xml:7:5-9:41
MERGED from [com.android.support:appcompat-v7:23.0.1] AndroidManifest.xml:20:5-43
MERGED from [com.android.support:support-v4:25.2.0] AndroidManifest.xml:21:5-23:54
MERGED from [com.android.support:support-fragment:25.2.0] AndroidManifest.xml:21:5-23:60
MERGED from [com.android.support:support-media-compat:25.2.0] AndroidManifest.xml:21:5-23:63
MERGED from [com.android.support:support-core-ui:25.2.0] AndroidManifest.xml:21:5-23:58
MERGED from [com.android.support:support-core-utils:25.2.0] AndroidManifest.xml:21:5-23:61
MERGED from [com.android.support:support-compat:25.2.0] AndroidManifest.xml:21:5-23:58
MERGED from [com.facebook.fbui.textlayoutbuilder:textlayoutbuilder:1.0.0] AndroidManifest.xml:14:5-16:41
MERGED from [com.facebook.fresco:fresco:1.3.0] AndroidManifest.xml:5:5-7:41
MERGED from [com.facebook.fresco:drawee:1.3.0] AndroidManifest.xml:5:5-7:41
MERGED from [com.facebook.fresco:imagepipeline-okhttp3:1.3.0] AndroidManifest.xml:5:5-7:41
MERGED from [com.facebook.fresco:imagepipeline:1.3.0] AndroidManifest.xml:5:5-7:41
MERGED from [com.facebook.fresco:imagepipeline-base:1.3.0] AndroidManifest.xml:5:5-7:41
MERGED from [com.facebook.fresco:fbcore:1.3.0] AndroidManifest.xml:5:5-7:41
MERGED from [com.facebook.soloader:soloader:0.1.0] AndroidManifest.xml:2:3-70
	tools:overrideLibrary
		ADDED from [com.android.support:support-v4:25.2.0] AndroidManifest.xml:23:9-51
	android:targetSdkVersion
		ADDED from src/main/AndroidManifest.xml:12:9-38
		INJECTED from src/main/AndroidManifest.xml
		INJECTED from src/main/AndroidManifest.xml
	android:minSdkVersion
		ADDED from src/main/AndroidManifest.xml:11:9-35
		INJECTED from src/main/AndroidManifest.xml
		INJECTED from src/main/AndroidManifest.xml
application
ADDED from src/main/AndroidManifest.xml:14:5-32:19
MERGED from [com.onesignal:OneSignal:3.7.1] AndroidManifest.xml:49:5-104:19
MERGED from [com.google.android.gms:play-services-gcm:11.0.4] AndroidManifest.xml:23:5-19
MERGED from [com.google.android.gms:play-services-iid:11.0.4] AndroidManifest.xml:23:5-19
MERGED from [com.google.android.gms:play-services-analytics:11.0.4] AndroidManifest.xml:26:5-19
MERGED from [com.google.android.gms:play-services-tagmanager-v4-impl:11.0.4] AndroidManifest.xml:19:5-19
MERGED from [com.google.android.gms:play-services-analytics-impl:11.0.4] AndroidManifest.xml:26:5-19
MERGED from [com.google.android.gms:play-services-location:11.0.4] AndroidManifest.xml:4:5-19
MERGED from [com.google.android.gms:play-services-base:11.0.4] AndroidManifest.xml:18:5-20:19
MERGED from [com.google.android.gms:play-services-tasks:11.0.4] AndroidManifest.xml:4:5-19
MERGED from [com.google.android.gms:play-services-basement:11.0.4] AndroidManifest.xml:19:5-21:19
MERGED from [com.facebook.react:react-native:0.50.3] AndroidManifest.xml:13:5-20
MERGED from [com.android.support:appcompat-v7:23.0.1] AndroidManifest.xml:22:5-20
MERGED from [com.android.support:support-v4:25.2.0] AndroidManifest.xml:25:5-20
MERGED from [com.android.support:support-fragment:25.2.0] AndroidManifest.xml:25:5-20
MERGED from [com.android.support:support-media-compat:25.2.0] AndroidManifest.xml:25:5-20
MERGED from [com.android.support:support-core-ui:25.2.0] AndroidManifest.xml:25:5-20
MERGED from [com.android.support:support-core-utils:25.2.0] AndroidManifest.xml:25:5-20
MERGED from [com.android.support:support-compat:25.2.0] AndroidManifest.xml:25:5-20
MERGED from [com.facebook.soloader:soloader:0.1.0] AndroidManifest.xml:3:3-17
MERGED from [org.webkit:android-jsc:r174650] AndroidManifest.xml:2:3-17
	android:label
		ADDED from src/main/AndroidManifest.xml:17:7-39
	android:launchMode
		ADDED from src/main/AndroidManifest.xml:19:7-37
	android:allowBackup
		ADDED from src/main/AndroidManifest.xml:16:7-33
	android:icon
		ADDED from src/main/AndroidManifest.xml:18:7-41
	android:theme
		ADDED from src/main/AndroidManifest.xml:20:7-38
	android:name
		ADDED from src/main/AndroidManifest.xml:15:7-38
activity#com.arnold_app_v2.MainActivity
ADDED from src/main/AndroidManifest.xml:21:7-30:18
	android:label
		ADDED from src/main/AndroidManifest.xml:23:9-41
	android:windowSoftInputMode
		ADDED from src/main/AndroidManifest.xml:25:9-51
	android:configChanges
		ADDED from src/main/AndroidManifest.xml:24:9-79
	android:name
		ADDED from src/main/AndroidManifest.xml:22:9-37
intent-filter#android.intent.action.MAIN+android.intent.category.LAUNCHER
ADDED from src/main/AndroidManifest.xml:26:9-29:25
action#android.intent.action.MAIN
ADDED from src/main/AndroidManifest.xml:27:13-65
	android:name
		ADDED from src/main/AndroidManifest.xml:27:21-62
category#android.intent.category.LAUNCHER
ADDED from src/main/AndroidManifest.xml:28:13-73
	android:name
		ADDED from src/main/AndroidManifest.xml:28:23-70
activity#com.facebook.react.devsupport.DevSettingsActivity
ADDED from src/main/AndroidManifest.xml:31:7-84
	android:name
		ADDED from src/main/AndroidManifest.xml:31:17-81
permission#${applicationId}.permission.C2D_MESSAGE
ADDED from [com.onesignal:OneSignal:3.7.1] AndroidManifest.xml:8:5-10:47
	android:protectionLevel
		ADDED from [com.onesignal:OneSignal:3.7.1] AndroidManifest.xml:10:9-44
	android:name
		ADDED from [com.onesignal:OneSignal:3.7.1] AndroidManifest.xml:9:9-63
uses-permission#${applicationId}.permission.C2D_MESSAGE
ADDED from [com.onesignal:OneSignal:3.7.1] AndroidManifest.xml:12:5-79
	android:name
		ADDED from [com.onesignal:OneSignal:3.7.1] AndroidManifest.xml:12:22-76
uses-permission#com.google.android.c2dm.permission.RECEIVE
ADDED from [com.onesignal:OneSignal:3.7.1] AndroidManifest.xml:18:5-82
MERGED from [com.google.android.gms:play-services-gcm:11.0.4] AndroidManifest.xml:20:5-81
MERGED from [com.google.android.gms:play-services-iid:11.0.4] AndroidManifest.xml:20:5-81
	android:name
		ADDED from [com.onesignal:OneSignal:3.7.1] AndroidManifest.xml:18:22-79
uses-permission#android.permission.WAKE_LOCK
ADDED from [com.onesignal:OneSignal:3.7.1] AndroidManifest.xml:19:5-68
MERGED from [com.google.android.gms:play-services-analytics:11.0.4] AndroidManifest.xml:24:5-67
MERGED from [com.google.android.gms:play-services-analytics-impl:11.0.4] AndroidManifest.xml:24:5-67
	android:name
		ADDED from [com.onesignal:OneSignal:3.7.1] AndroidManifest.xml:19:22-65
uses-permission#android.permission.VIBRATE
ADDED from [com.onesignal:OneSignal:3.7.1] AndroidManifest.xml:24:5-66
	android:name
		ADDED from [com.onesignal:OneSignal:3.7.1] AndroidManifest.xml:24:22-63
uses-permission#android.permission.ACCESS_NETWORK_STATE
ADDED from [com.onesignal:OneSignal:3.7.1] AndroidManifest.xml:25:5-79
MERGED from [com.google.android.gms:play-services-analytics:11.0.4] AndroidManifest.xml:21:5-78
MERGED from [com.google.android.gms:play-services-analytics-impl:11.0.4] AndroidManifest.xml:21:5-78
	android:name
		ADDED from [com.onesignal:OneSignal:3.7.1] AndroidManifest.xml:25:22-76
uses-permission#android.permission.RECEIVE_BOOT_COMPLETED
ADDED from [com.onesignal:OneSignal:3.7.1] AndroidManifest.xml:30:5-81
	android:name
		ADDED from [com.onesignal:OneSignal:3.7.1] AndroidManifest.xml:30:22-78
uses-permission#com.sec.android.provider.badge.permission.READ
ADDED from [com.onesignal:OneSignal:3.7.1] AndroidManifest.xml:32:5-86
	android:name
		ADDED from [com.onesignal:OneSignal:3.7.1] AndroidManifest.xml:32:22-83
uses-permission#com.sec.android.provider.badge.permission.WRITE
ADDED from [com.onesignal:OneSignal:3.7.1] AndroidManifest.xml:33:5-87
	android:name
		ADDED from [com.onesignal:OneSignal:3.7.1] AndroidManifest.xml:33:22-84
uses-permission#com.htc.launcher.permission.READ_SETTINGS
ADDED from [com.onesignal:OneSignal:3.7.1] AndroidManifest.xml:34:5-81
	android:name
		ADDED from [com.onesignal:OneSignal:3.7.1] AndroidManifest.xml:34:22-78
uses-permission#com.htc.launcher.permission.UPDATE_SHORTCUT
ADDED from [com.onesignal:OneSignal:3.7.1] AndroidManifest.xml:35:5-83
	android:name
		ADDED from [com.onesignal:OneSignal:3.7.1] AndroidManifest.xml:35:22-80
uses-permission#com.sonyericsson.home.permission.BROADCAST_BADGE
ADDED from [com.onesignal:OneSignal:3.7.1] AndroidManifest.xml:36:5-88
	android:name
		ADDED from [com.onesignal:OneSignal:3.7.1] AndroidManifest.xml:36:22-85
uses-permission#com.sonymobile.home.permission.PROVIDER_INSERT_BADGE
ADDED from [com.onesignal:OneSignal:3.7.1] AndroidManifest.xml:37:5-92
	android:name
		ADDED from [com.onesignal:OneSignal:3.7.1] AndroidManifest.xml:37:22-89
uses-permission#com.anddoes.launcher.permission.UPDATE_COUNT
ADDED from [com.onesignal:OneSignal:3.7.1] AndroidManifest.xml:38:5-84
	android:name
		ADDED from [com.onesignal:OneSignal:3.7.1] AndroidManifest.xml:38:22-81
uses-permission#com.majeur.launcher.permission.UPDATE_BADGE
ADDED from [com.onesignal:OneSignal:3.7.1] AndroidManifest.xml:39:5-83
	android:name
		ADDED from [com.onesignal:OneSignal:3.7.1] AndroidManifest.xml:39:22-80
uses-permission#com.huawei.android.launcher.permission.CHANGE_BADGE
ADDED from [com.onesignal:OneSignal:3.7.1] AndroidManifest.xml:40:5-91
	android:name
		ADDED from [com.onesignal:OneSignal:3.7.1] AndroidManifest.xml:40:22-88
uses-permission#com.huawei.android.launcher.permission.READ_SETTINGS
ADDED from [com.onesignal:OneSignal:3.7.1] AndroidManifest.xml:41:5-92
	android:name
		ADDED from [com.onesignal:OneSignal:3.7.1] AndroidManifest.xml:41:22-89
uses-permission#com.huawei.android.launcher.permission.WRITE_SETTINGS
ADDED from [com.onesignal:OneSignal:3.7.1] AndroidManifest.xml:42:5-93
	android:name
		ADDED from [com.onesignal:OneSignal:3.7.1] AndroidManifest.xml:42:22-90
uses-permission#android.permission.READ_APP_BADGE
ADDED from [com.onesignal:OneSignal:3.7.1] AndroidManifest.xml:43:5-73
	android:name
		ADDED from [com.onesignal:OneSignal:3.7.1] AndroidManifest.xml:43:22-70
uses-permission#com.oppo.launcher.permission.READ_SETTINGS
ADDED from [com.onesignal:OneSignal:3.7.1] AndroidManifest.xml:44:5-82
	android:name
		ADDED from [com.onesignal:OneSignal:3.7.1] AndroidManifest.xml:44:22-79
uses-permission#com.oppo.launcher.permission.WRITE_SETTINGS
ADDED from [com.onesignal:OneSignal:3.7.1] AndroidManifest.xml:45:5-83
	android:name
		ADDED from [com.onesignal:OneSignal:3.7.1] AndroidManifest.xml:45:22-80
uses-permission#me.everything.badger.permission.BADGE_COUNT_READ
ADDED from [com.onesignal:OneSignal:3.7.1] AndroidManifest.xml:46:5-88
	android:name
		ADDED from [com.onesignal:OneSignal:3.7.1] AndroidManifest.xml:46:22-85
uses-permission#me.everything.badger.permission.BADGE_COUNT_WRITE
ADDED from [com.onesignal:OneSignal:3.7.1] AndroidManifest.xml:47:5-89
	android:name
		ADDED from [com.onesignal:OneSignal:3.7.1] AndroidManifest.xml:47:22-86
meta-data#onesignal_app_id
ADDED from [com.onesignal:OneSignal:3.7.1] AndroidManifest.xml:50:9-52:51
	android:value
		ADDED from [com.onesignal:OneSignal:3.7.1] AndroidManifest.xml:52:13-48
	android:name
		ADDED from [com.onesignal:OneSignal:3.7.1] AndroidManifest.xml:51:13-44
meta-data#onesignal_google_project_number
ADDED from [com.onesignal:OneSignal:3.7.1] AndroidManifest.xml:54:9-56:70
	android:value
		ADDED from [com.onesignal:OneSignal:3.7.1] AndroidManifest.xml:56:13-67
	android:name
		ADDED from [com.onesignal:OneSignal:3.7.1] AndroidManifest.xml:55:13-59
receiver#com.onesignal.GcmBroadcastReceiver
ADDED from [com.onesignal:OneSignal:3.7.1] AndroidManifest.xml:58:9-68:20
	android:permission
		ADDED from [com.onesignal:OneSignal:3.7.1] AndroidManifest.xml:60:13-73
	android:name
		ADDED from [com.onesignal:OneSignal:3.7.1] AndroidManifest.xml:59:13-62
intent-filter#${applicationId}+com.google.android.c2dm.intent.RECEIVE
ADDED from [com.onesignal:OneSignal:3.7.1] AndroidManifest.xml:63:13-67:29
	android:priority
		ADDED from [com.onesignal:OneSignal:3.7.1] AndroidManifest.xml:63:28-50
action#com.google.android.c2dm.intent.RECEIVE
ADDED from [com.onesignal:OneSignal:3.7.1] AndroidManifest.xml:64:17-81
	android:name
		ADDED from [com.onesignal:OneSignal:3.7.1] AndroidManifest.xml:64:25-78
category#${applicationId}
ADDED from [com.onesignal:OneSignal:3.7.1] AndroidManifest.xml:66:17-61
	android:name
		ADDED from [com.onesignal:OneSignal:3.7.1] AndroidManifest.xml:66:27-58
receiver#com.onesignal.NotificationOpenedReceiver
ADDED from [com.onesignal:OneSignal:3.7.1] AndroidManifest.xml:69:9-77
	android:name
		ADDED from [com.onesignal:OneSignal:3.7.1] AndroidManifest.xml:69:19-74
service#com.onesignal.GcmIntentService
ADDED from [com.onesignal:OneSignal:3.7.1] AndroidManifest.xml:71:9-66
	android:name
		ADDED from [com.onesignal:OneSignal:3.7.1] AndroidManifest.xml:71:18-63
service#com.onesignal.GcmIntentJobService
ADDED from [com.onesignal:OneSignal:3.7.1] AndroidManifest.xml:72:9-74:72
	android:permission
		ADDED from [com.onesignal:OneSignal:3.7.1] AndroidManifest.xml:74:13-69
	android:name
		ADDED from [com.onesignal:OneSignal:3.7.1] AndroidManifest.xml:73:13-61
service#com.onesignal.SyncJobService
ADDED from [com.onesignal:OneSignal:3.7.1] AndroidManifest.xml:75:9-77:72
	android:permission
		ADDED from [com.onesignal:OneSignal:3.7.1] AndroidManifest.xml:77:13-69
	android:name
		ADDED from [com.onesignal:OneSignal:3.7.1] AndroidManifest.xml:76:13-56
service#com.onesignal.RestoreJobService
ADDED from [com.onesignal:OneSignal:3.7.1] AndroidManifest.xml:78:9-80:72
	android:permission
		ADDED from [com.onesignal:OneSignal:3.7.1] AndroidManifest.xml:80:13-69
	android:name
		ADDED from [com.onesignal:OneSignal:3.7.1] AndroidManifest.xml:79:13-59
service#com.onesignal.RestoreKickoffJobService
ADDED from [com.onesignal:OneSignal:3.7.1] AndroidManifest.xml:81:9-83:72
	android:permission
		ADDED from [com.onesignal:OneSignal:3.7.1] AndroidManifest.xml:83:13-69
	android:name
		ADDED from [com.onesignal:OneSignal:3.7.1] AndroidManifest.xml:82:13-66
service#com.onesignal.SyncService
ADDED from [com.onesignal:OneSignal:3.7.1] AndroidManifest.xml:84:9-61
	android:name
		ADDED from [com.onesignal:OneSignal:3.7.1] AndroidManifest.xml:84:18-58
activity#com.onesignal.PermissionsActivity
ADDED from [com.onesignal:OneSignal:3.7.1] AndroidManifest.xml:86:9-88:75
	android:theme
		ADDED from [com.onesignal:OneSignal:3.7.1] AndroidManifest.xml:88:13-72
	android:name
		ADDED from [com.onesignal:OneSignal:3.7.1] AndroidManifest.xml:87:13-61
service#com.onesignal.NotificationRestoreService
ADDED from [com.onesignal:OneSignal:3.7.1] AndroidManifest.xml:90:9-76
	android:name
		ADDED from [com.onesignal:OneSignal:3.7.1] AndroidManifest.xml:90:18-73
receiver#com.onesignal.BootUpReceiver
ADDED from [com.onesignal:OneSignal:3.7.1] AndroidManifest.xml:92:9-98:20
	android:name
		ADDED from [com.onesignal:OneSignal:3.7.1] AndroidManifest.xml:92:19-62
intent-filter#android.intent.action.ACTION_BOOT_COMPLETED+android.intent.action.BOOT_COMPLETED+android.intent.action.QUICKBOOT_POWERON
ADDED from [com.onesignal:OneSignal:3.7.1] AndroidManifest.xml:93:13-97:29
action#android.intent.action.ACTION_BOOT_COMPLETED
ADDED from [com.onesignal:OneSignal:3.7.1] AndroidManifest.xml:94:17-86
	android:name
		ADDED from [com.onesignal:OneSignal:3.7.1] AndroidManifest.xml:94:25-83
action#android.intent.action.BOOT_COMPLETED
ADDED from [com.onesignal:OneSignal:3.7.1] AndroidManifest.xml:95:17-79
	android:name
		ADDED from [com.onesignal:OneSignal:3.7.1] AndroidManifest.xml:95:25-76
action#android.intent.action.QUICKBOOT_POWERON
ADDED from [com.onesignal:OneSignal:3.7.1] AndroidManifest.xml:96:17-82
	android:name
		ADDED from [com.onesignal:OneSignal:3.7.1] AndroidManifest.xml:96:25-79
receiver#com.onesignal.UpgradeReceiver
ADDED from [com.onesignal:OneSignal:3.7.1] AndroidManifest.xml:99:9-103:20
	android:name
		ADDED from [com.onesignal:OneSignal:3.7.1] AndroidManifest.xml:99:19-63
intent-filter#android.intent.action.MY_PACKAGE_REPLACED
ADDED from [com.onesignal:OneSignal:3.7.1] AndroidManifest.xml:100:13-102:29
action#android.intent.action.MY_PACKAGE_REPLACED
ADDED from [com.onesignal:OneSignal:3.7.1] AndroidManifest.xml:101:17-84
	android:name
		ADDED from [com.onesignal:OneSignal:3.7.1] AndroidManifest.xml:101:25-81
activity#com.google.android.gms.common.api.GoogleApiActivity
ADDED from [com.google.android.gms:play-services-base:11.0.4] AndroidManifest.xml:19:9-172
	android:exported
		ADDED from [com.google.android.gms:play-services-base:11.0.4] AndroidManifest.xml:19:146-170
	android:theme
		ADDED from [com.google.android.gms:play-services-base:11.0.4] AndroidManifest.xml:19:86-145
	android:name
		ADDED from [com.google.android.gms:play-services-base:11.0.4] AndroidManifest.xml:19:19-85
meta-data#com.google.android.gms.version
ADDED from [com.google.android.gms:play-services-basement:11.0.4] AndroidManifest.xml:20:9-121
	android:value
		ADDED from [com.google.android.gms:play-services-basement:11.0.4] AndroidManifest.xml:20:66-119
	android:name
		ADDED from [com.google.android.gms:play-services-basement:11.0.4] AndroidManifest.xml:20:20-65
android:uses-permission#android.permission.WRITE_EXTERNAL_STORAGE
IMPLIED from src/main/AndroidManifest.xml:1:1-34:12 reason: org.webkit.android_jsc has a targetSdkVersion < 4
android:uses-permission#android.permission.READ_PHONE_STATE
IMPLIED from src/main/AndroidManifest.xml:1:1-34:12 reason: org.webkit.android_jsc has a targetSdkVersion < 4
android:uses-permission#android.permission.READ_EXTERNAL_STORAGE
IMPLIED from src/main/AndroidManifest.xml:1:1-34:12 reason: org.webkit.android_jsc requested WRITE_EXTERNAL_STORAGE